<?xml version="1.0" encoding="UTF-8"?>
<testng-results ignored="0" total="1" passed="1" failed="0" skipped="0">
  <reporter-output>
  </reporter-output>
  <suite started-at="2023-04-29T15:20:29 IST" name="Suite" finished-at="2023-04-29T15:21:52 IST" duration-ms="83514">
    <groups>
    </groups>
    <test started-at="2023-04-29T15:20:29 IST" name="Test" finished-at="2023-04-29T15:21:52 IST" duration-ms="83514">
      <class name="test.Sign_in_test">
        <test-method is-config="true" signature="luanch(java.lang.String,java.lang.String)[pri:0, instance:test.Sign_in_test@242b836]" started-at="2023-04-29T15:20:29 IST" name="luanch" finished-at="2023-04-29T15:20:35 IST" duration-ms="5718" status="PASS">
          <params>
            <param index="0">
              <value>
                <![CDATA[chrome]]>
              </value>
            </param>
            <param index="1">
              <value>
                <![CDATA[Stage]]>
              </value>
            </param>
          </params>
          <reporter-output>
          </reporter-output>
        </test-method> <!-- luanch -->
        <test-method signature="sign()[pri:0, instance:test.Sign_in_test@242b836]" started-at="2023-04-29T15:20:35 IST" name="sign" finished-at="2023-04-29T15:21:52 IST" duration-ms="77747" status="PASS">
          <reporter-output>
          </reporter-output>
        </test-method> <!-- sign -->
      </class> <!-- test.Sign_in_test -->
    </test> <!-- Test -->
  </suite> <!-- Suite -->
</testng-results>
