<?xml version="1.0" encoding="UTF-8"?>
<!-- Generated by org.testng.reporters.JUnitXMLReporter -->
<testsuite ignored="0" hostname="DESKTOP-S4S1GDB" failures="0" tests="3" name="Test1" time="29.884" errors="0" timestamp="2023-04-27T11:13:27 IST">
  <testcase classname="test.Sign_up_test" name="Sign_up_first" time="7.288"/>
  <testcase classname="test.Sign_up_test" name="sign_up_second_page" time="7.413"/>
  <testcase classname="test.Sign_up_test" name="third_page_sign_up" time="10.043"/>
</testsuite> <!-- Test1 -->
