<?xml version="1.0" encoding="UTF-8"?>
<!-- Generated by org.testng.reporters.JUnitXMLReporter -->
<testsuite ignored="0" hostname="DESKTOP-S4S1GDB" failures="0" tests="4" name="Test2" time="61.933" errors="0" timestamp="2023-05-06T17:15:40 IST">
  <testcase classname="test.Sign_up_test" name="Sign_up_first" time="8.964"/>
  <testcase classname="test.Sign_up_test" name="sign_up_second_page" time="7.823"/>
  <testcase classname="test.Sign_up_test" name="third_page_sign_up" time="6.42"/>
  <testcase classname="test.Sign_up_test" name="Verify_msg" time="10.119"/>
</testsuite> <!-- Test2 -->
